{"numTotalTestSuites":32,"numPassedTestSuites":32,"numFailedTestSuites":0,"numPendingTestSuites":0,"numTotalTests":60,"numPassedTests":41,"numFailedTests":19,"numPendingTests":0,"numTodoTests":0,"startTime":1752159264730,"success":false,"testResults":[{"assertionResults":[{"ancestorTitles":["","NotesModule - 事件处理","onEvent() 方法"],"fullName":" NotesModule - 事件处理 onEvent() 方法 应该记录接收到的事件","status":"passed","title":"应该记录接收到的事件","duration":3,"failureMessages":[]},{"ancestorTitles":["","NotesModule - 事件处理","onEvent() 方法","data:created 事件"],"fullName":" NotesModule - 事件处理 onEvent() 方法 data:created 事件 应该处理笔记创建事件","status":"failed","title":"应该处理笔记创建事件","duration":7,"failureMessages":["expected \"log\" to be called with arguments: [ Array(2) ]\u001b[90m\n\nReceived: \n\n\u001b[39m\u001b[90m\n\nNumber of calls: \u001b[1m0\u001b[22m\n\u001b[39m"],"location":{"line":54,"column":32}},{"ancestorTitles":["","NotesModule - 事件处理","onEvent() 方法","data:created 事件"],"fullName":" NotesModule - 事件处理 onEvent() 方法 data:created 事件 应该忽略非笔记实体的创建事件","status":"failed","title":"应该忽略非笔记实体的创建事件","duration":0,"failureMessages":["expected \"log\" to be called with arguments: [ Array(2) ]\u001b[90m\n\nReceived: \n\n\u001b[39m\u001b[90m\n\nNumber of calls: \u001b[1m0\u001b[22m\n\u001b[39m"],"location":{"line":71,"column":32}},{"ancestorTitles":["","NotesModule - 事件处理","onEvent() 方法","data:created 事件"],"fullName":" NotesModule - 事件处理 onEvent() 方法 data:created 事件 应该处理没有 entityType 的创建事件","status":"failed","title":"应该处理没有 entityType 的创建事件","duration":1,"failureMessages":["expected \"log\" to be called with arguments: [ Array(2) ]\u001b[90m\n\nReceived: \n\n\u001b[39m\u001b[90m\n\nNumber of calls: \u001b[1m0\u001b[22m\n\u001b[39m"],"location":{"line":87,"column":32}},{"ancestorTitles":["","NotesModule - 事件处理","onEvent() 方法","data:updated 事件"],"fullName":" NotesModule - 事件处理 onEvent() 方法 data:updated 事件 应该处理笔记更新事件","status":"failed","title":"应该处理笔记更新事件","duration":0,"failureMessages":["expected \"log\" to be called with arguments: [ Array(2) ]\u001b[90m\n\nReceived: \n\n\u001b[39m\u001b[90m\n\nNumber of calls: \u001b[1m0\u001b[22m\n\u001b[39m"],"location":{"line":107,"column":32}},{"ancestorTitles":["","NotesModule - 事件处理","onEvent() 方法","data:updated 事件"],"fullName":" NotesModule - 事件处理 onEvent() 方法 data:updated 事件 应该忽略非笔记实体的更新事件","status":"failed","title":"应该忽略非笔记实体的更新事件","duration":1,"failureMessages":["expected \"log\" to be called with arguments: [ Array(2) ]\u001b[90m\n\nReceived: \n\n\u001b[39m\u001b[90m\n\nNumber of calls: \u001b[1m0\u001b[22m\n\u001b[39m"],"location":{"line":124,"column":32}},{"ancestorTitles":["","NotesModule - 事件处理","onEvent() 方法","data:deleted 事件"],"fullName":" NotesModule - 事件处理 onEvent() 方法 data:deleted 事件 应该处理笔记删除事件","status":"failed","title":"应该处理笔记删除事件","duration":0,"failureMessages":["expected \"log\" to be called with arguments: [ Array(2) ]\u001b[90m\n\nReceived: \n\n\u001b[39m\u001b[90m\n\nNumber of calls: \u001b[1m0\u001b[22m\n\u001b[39m"],"location":{"line":143,"column":32}},{"ancestorTitles":["","NotesModule - 事件处理","onEvent() 方法","data:deleted 事件"],"fullName":" NotesModule - 事件处理 onEvent() 方法 data:deleted 事件 应该忽略非笔记实体的删除事件","status":"failed","title":"应该忽略非笔记实体的删除事件","duration":0,"failureMessages":["expected \"log\" to be called with arguments: [ Array(2) ]\u001b[90m\n\nReceived: \n\n\u001b[39m\u001b[90m\n\nNumber of calls: \u001b[1m0\u001b[22m\n\u001b[39m"],"location":{"line":160,"column":32}},{"ancestorTitles":["","NotesModule - 事件处理","onEvent() 方法","search:query 事件"],"fullName":" NotesModule - 事件处理 onEvent() 方法 search:query 事件 应该处理搜索查询事件","status":"failed","title":"应该处理搜索查询事件","duration":1,"failureMessages":["expected \"log\" to be called with arguments: [ Array(2) ]\u001b[90m\n\nReceived: \n\n\u001b[39m\u001b[90m\n\nNumber of calls: \u001b[1m0\u001b[22m\n\u001b[39m"],"location":{"line":178,"column":32}},{"ancestorTitles":["","NotesModule - 事件处理","onEvent() 方法","search:query 事件"],"fullName":" NotesModule - 事件处理 onEvent() 方法 search:query 事件 应该处理没有查询数据的搜索事件","status":"failed","title":"应该处理没有查询数据的搜索事件","duration":0,"failureMessages":["expected \"log\" to be called with arguments: [ Array(2) ]\u001b[90m\n\nReceived: \n\n\u001b[39m\u001b[90m\n\nNumber of calls: \u001b[1m0\u001b[22m\n\u001b[39m"],"location":{"line":192,"column":32}},{"ancestorTitles":["","NotesModule - 事件处理","onEvent() 方法","search:query 事件"],"fullName":" NotesModule - 事件处理 onEvent() 方法 search:query 事件 应该处理没有数据的搜索事件","status":"failed","title":"应该处理没有数据的搜索事件","duration":0,"failureMessages":["expected \"log\" to be called with arguments: [ Array(2) ]\u001b[90m\n\nReceived: \n\n\u001b[39m\u001b[90m\n\nNumber of calls: \u001b[1m0\u001b[22m\n\u001b[39m"],"location":{"line":205,"column":32}},{"ancestorTitles":["","NotesModule - 事件处理","onEvent() 方法","未知事件类型"],"fullName":" NotesModule - 事件处理 onEvent() 方法 未知事件类型 应该处理未知事件类型","status":"failed","title":"应该处理未知事件类型","duration":1,"failureMessages":["expected \"log\" to be called with arguments: [ Array(2) ]\u001b[90m\n\nReceived: \n\n\u001b[39m\u001b[90m\n\nNumber of calls: \u001b[1m0\u001b[22m\n\u001b[39m"],"location":{"line":221,"column":32}},{"ancestorTitles":["","NotesModule - 事件处理","onEvent() 方法","事件数据边界情况"],"fullName":" NotesModule - 事件处理 onEvent() 方法 事件数据边界情况 应该处理空事件对象","status":"failed","title":"应该处理空事件对象","duration":1,"failureMessages":["expected \"log\" to be called with arguments: [ Array(2) ]\u001b[90m\n\nReceived: \n\n\u001b[39m\u001b[90m\n\nNumber of calls: \u001b[1m0\u001b[22m\n\u001b[39m"],"location":{"line":235,"column":32}},{"ancestorTitles":["","NotesModule - 事件处理","onEvent() 方法","事件数据边界情况"],"fullName":" NotesModule - 事件处理 onEvent() 方法 事件数据边界情况 应该处理 null 数据","status":"failed","title":"应该处理 null 数据","duration":0,"failureMessages":["expected \"log\" to be called with arguments: [ Array(2) ]\u001b[90m\n\nReceived: \n\n\u001b[39m\u001b[90m\n\nNumber of calls: \u001b[1m0\u001b[22m\n\u001b[39m"],"location":{"line":246,"column":32}},{"ancestorTitles":["","NotesModule - 事件处理","onEvent() 方法","事件数据边界情况"],"fullName":" NotesModule - 事件处理 onEvent() 方法 事件数据边界情况 应该处理 undefined 数据","status":"failed","title":"应该处理 undefined 数据","duration":1,"failureMessages":["expected \"log\" to be called with arguments: [ Array(2) ]\u001b[90m\n\nReceived: \n\n\u001b[39m\u001b[90m\n\nNumber of calls: \u001b[1m0\u001b[22m\n\u001b[39m"],"location":{"line":257,"column":32}},{"ancestorTitles":["","NotesModule - 事件处理","handleSearchQuery 私有方法"],"fullName":" NotesModule - 事件处理 handleSearchQuery 私有方法 应该处理搜索查询而不抛出错误","status":"passed","title":"应该处理搜索查询而不抛出错误","duration":1,"failureMessages":[]},{"ancestorTitles":["","NotesModule - 事件处理","handleSearchQuery 私有方法"],"fullName":" NotesModule - 事件处理 handleSearchQuery 私有方法 应该在搜索出错时记录错误","status":"passed","title":"应该在搜索出错时记录错误","duration":0,"failureMessages":[]}],"startTime":1752159268450,"endTime":1752159268467,"status":"failed","message":"","name":"D:/Git/MingLog/packages/modules/notes/src/__tests__/NotesModule.events.test.ts"},{"assertionResults":[{"ancestorTitles":["","NotesModule","构造函数和元数据"],"fullName":" NotesModule 构造函数和元数据 应该正确初始化模块元数据","status":"passed","title":"应该正确初始化模块元数据","duration":2,"failureMessages":[]},{"ancestorTitles":["","NotesModule","构造函数和元数据"],"fullName":" NotesModule 构造函数和元数据 应该使用默认配置初始化","status":"passed","title":"应该使用默认配置初始化","duration":0,"failureMessages":[]},{"ancestorTitles":["","NotesModule","构造函数和元数据"],"fullName":" NotesModule 构造函数和元数据 应该接受自定义配置","status":"passed","title":"应该接受自定义配置","duration":0,"failureMessages":[]},{"ancestorTitles":["","NotesModule","构造函数和元数据"],"fullName":" NotesModule 构造函数和元数据 应该初始状态为 UNINITIALIZED","status":"passed","title":"应该初始状态为 UNINITIALIZED","duration":0,"failureMessages":[]},{"ancestorTitles":["","NotesModule","生命周期方法","initialize()"],"fullName":" NotesModule 生命周期方法 initialize() 应该成功初始化模块","status":"failed","title":"应该成功初始化模块","duration":7,"failureMessages":["expected \"log\" to be called with arguments: [ 'Notes module initializing...' ]\u001b[90m\n\nReceived: \n\n\u001b[39m\u001b[90m\n\nNumber of calls: \u001b[1m0\u001b[22m\n\u001b[39m"],"location":{"line":74,"column":32}},{"ancestorTitles":["","NotesModule","生命周期方法","initialize()"],"fullName":" NotesModule 生命周期方法 initialize() 应该初始化 NotesService","status":"passed","title":"应该初始化 NotesService","duration":0,"failureMessages":[]},{"ancestorTitles":["","NotesModule","生命周期方法","initialize()"],"fullName":" NotesModule 生命周期方法 initialize() 应该在已初始化时跳过重复初始化","status":"passed","title":"应该在已初始化时跳过重复初始化","duration":1,"failureMessages":[]},{"ancestorTitles":["","NotesModule","生命周期方法","activate()"],"fullName":" NotesModule 生命周期方法 activate() 应该成功激活模块","status":"failed","title":"应该成功激活模块","duration":0,"failureMessages":["expected \"log\" to be called with arguments: [ 'Notes module activating...' ]\u001b[90m\n\nReceived: \n\n\u001b[39m\u001b[90m\n\nNumber of calls: \u001b[1m0\u001b[22m\n\u001b[39m"],"location":{"line":99,"column":32}},{"ancestorTitles":["","NotesModule","生命周期方法","activate()"],"fullName":" NotesModule 生命周期方法 activate() 应该在激活前先初始化","status":"failed","title":"应该在激活前先初始化","duration":1,"failureMessages":["expected \"log\" to be called with arguments: [ 'Notes module initializing...' ]\u001b[90m\n\nReceived: \n\n\u001b[39m\u001b[90m\n\nNumber of calls: \u001b[1m0\u001b[22m\n\u001b[39m"],"location":{"line":106,"column":32}},{"ancestorTitles":["","NotesModule","生命周期方法","deactivate()"],"fullName":" NotesModule 生命周期方法 deactivate() 应该成功停用模块","status":"failed","title":"应该成功停用模块","duration":0,"failureMessages":["expected \"log\" to be called with arguments: [ 'Notes module deactivating...' ]\u001b[90m\n\nReceived: \n\n\u001b[39m\u001b[90m\n\nNumber of calls: \u001b[1m0\u001b[22m\n\u001b[39m"],"location":{"line":118,"column":32}},{"ancestorTitles":["","NotesModule","生命周期方法","destroy()"],"fullName":" NotesModule 生命周期方法 destroy() 应该成功销毁模块","status":"failed","title":"应该成功销毁模块","duration":0,"failureMessages":["expected \"log\" to be called with arguments: [ 'Notes module destroying...' ]\u001b[90m\n\nReceived: \n\n\u001b[39m\u001b[90m\n\nNumber of calls: \u001b[1m0\u001b[22m\n\u001b[39m"],"location":{"line":128,"column":32}},{"ancestorTitles":["","NotesModule","配置管理"],"fullName":" NotesModule 配置管理 应该正确获取配置","status":"passed","title":"应该正确获取配置","duration":1,"failureMessages":[]},{"ancestorTitles":["","NotesModule","配置管理"],"fullName":" NotesModule 配置管理 应该正确设置配置","status":"passed","title":"应该正确设置配置","duration":0,"failureMessages":[]},{"ancestorTitles":["","NotesModule","配置管理"],"fullName":" NotesModule 配置管理 应该合并配置而不是替换","status":"passed","title":"应该合并配置而不是替换","duration":0,"failureMessages":[]},{"ancestorTitles":["","NotesModule","路由配置"],"fullName":" NotesModule 路由配置 应该返回正确的路由配置","status":"passed","title":"应该返回正确的路由配置","duration":1,"failureMessages":[]},{"ancestorTitles":["","NotesModule","路由配置"],"fullName":" NotesModule 路由配置 路由组件应该返回占位符内容","status":"passed","title":"路由组件应该返回占位符内容","duration":0,"failureMessages":[]},{"ancestorTitles":["","NotesModule","菜单项配置"],"fullName":" NotesModule 菜单项配置 应该返回正确的菜单项","status":"passed","title":"应该返回正确的菜单项","duration":0,"failureMessages":[]},{"ancestorTitles":["","NotesModule","健康状态检查"],"fullName":" NotesModule 健康状态检查 应该返回健康状态","status":"passed","title":"应该返回健康状态","duration":1,"failureMessages":[]}],"startTime":1752159268604,"endTime":1752159268619,"status":"failed","message":"","name":"D:/Git/MingLog/packages/modules/notes/src/__tests__/NotesModule.test.ts"},{"assertionResults":[{"ancestorTitles":["","NotesService","构造函数"],"fullName":" NotesService 构造函数 应该正确初始化 NotesService","status":"passed","title":"应该正确初始化 NotesService","duration":3,"failureMessages":[]},{"ancestorTitles":["","NotesService","getNotes() 方法"],"fullName":" NotesService getNotes() 方法 应该返回笔记列表","status":"passed","title":"应该返回笔记列表","duration":1,"failureMessages":[]},{"ancestorTitles":["","NotesService","getNotes() 方法"],"fullName":" NotesService getNotes() 方法 应该是异步方法","status":"passed","title":"应该是异步方法","duration":0,"failureMessages":[]},{"ancestorTitles":["","NotesService","createNote() 方法"],"fullName":" NotesService createNote() 方法 应该创建新笔记","status":"passed","title":"应该创建新笔记","duration":0,"failureMessages":[]},{"ancestorTitles":["","NotesService","createNote() 方法"],"fullName":" NotesService createNote() 方法 应该为新笔记分配 ID","status":"passed","title":"应该为新笔记分配 ID","duration":0,"failureMessages":[]},{"ancestorTitles":["","NotesService","createNote() 方法"],"fullName":" NotesService createNote() 方法 应该处理空笔记数据","status":"passed","title":"应该处理空笔记数据","duration":0,"failureMessages":[]},{"ancestorTitles":["","NotesService","createNote() 方法"],"fullName":" NotesService createNote() 方法 应该处理 null 笔记数据","status":"passed","title":"应该处理 null 笔记数据","duration":1,"failureMessages":[]},{"ancestorTitles":["","NotesService","createNote() 方法"],"fullName":" NotesService createNote() 方法 应该处理 undefined 笔记数据","status":"passed","title":"应该处理 undefined 笔记数据","duration":0,"failureMessages":[]},{"ancestorTitles":["","NotesService","createNote() 方法"],"fullName":" NotesService createNote() 方法 应该保留所有传入的属性","status":"passed","title":"应该保留所有传入的属性","duration":0,"failureMessages":[]},{"ancestorTitles":["","NotesService","updateNote() 方法"],"fullName":" NotesService updateNote() 方法 应该更新现有笔记","status":"passed","title":"应该更新现有笔记","duration":0,"failureMessages":[]},{"ancestorTitles":["","NotesService","updateNote() 方法"],"fullName":" NotesService updateNote() 方法 应该保持原有 ID","status":"passed","title":"应该保持原有 ID","duration":0,"failureMessages":[]},{"ancestorTitles":["","NotesService","updateNote() 方法"],"fullName":" NotesService updateNote() 方法 应该处理空更新数据","status":"passed","title":"应该处理空更新数据","duration":0,"failureMessages":[]},{"ancestorTitles":["","NotesService","updateNote() 方法"],"fullName":" NotesService updateNote() 方法 应该处理 null 更新数据","status":"passed","title":"应该处理 null 更新数据","duration":1,"failureMessages":[]},{"ancestorTitles":["","NotesService","updateNote() 方法"],"fullName":" NotesService updateNote() 方法 应该处理 undefined 更新数据","status":"passed","title":"应该处理 undefined 更新数据","duration":0,"failureMessages":[]},{"ancestorTitles":["","NotesService","updateNote() 方法"],"fullName":" NotesService updateNote() 方法 应该保留所有更新属性","status":"passed","title":"应该保留所有更新属性","duration":0,"failureMessages":[]},{"ancestorTitles":["","NotesService","deleteNote() 方法"],"fullName":" NotesService deleteNote() 方法 应该删除笔记","status":"passed","title":"应该删除笔记","duration":0,"failureMessages":[]},{"ancestorTitles":["","NotesService","deleteNote() 方法"],"fullName":" NotesService deleteNote() 方法 应该处理空字符串 ID","status":"passed","title":"应该处理空字符串 ID","duration":0,"failureMessages":[]},{"ancestorTitles":["","NotesService","deleteNote() 方法"],"fullName":" NotesService deleteNote() 方法 应该处理 null ID","status":"passed","title":"应该处理 null ID","duration":0,"failureMessages":[]},{"ancestorTitles":["","NotesService","deleteNote() 方法"],"fullName":" NotesService deleteNote() 方法 应该处理 undefined ID","status":"passed","title":"应该处理 undefined ID","duration":0,"failureMessages":[]},{"ancestorTitles":["","NotesService","deleteNote() 方法"],"fullName":" NotesService deleteNote() 方法 应该处理数字 ID","status":"passed","title":"应该处理数字 ID","duration":1,"failureMessages":[]},{"ancestorTitles":["","NotesService","异步行为"],"fullName":" NotesService 异步行为 所有方法都应该返回 Promise","status":"passed","title":"所有方法都应该返回 Promise","duration":0,"failureMessages":[]},{"ancestorTitles":["","NotesService","异步行为"],"fullName":" NotesService 异步行为 所有方法都应该可以被 await","status":"passed","title":"所有方法都应该可以被 await","duration":0,"failureMessages":[]},{"ancestorTitles":["","NotesService","错误处理"],"fullName":" NotesService 错误处理 方法不应该抛出同步错误","status":"passed","title":"方法不应该抛出同步错误","duration":1,"failureMessages":[]},{"ancestorTitles":["","NotesService","数据类型处理"],"fullName":" NotesService 数据类型处理 createNote 应该处理各种数据类型","status":"passed","title":"createNote 应该处理各种数据类型","duration":1,"failureMessages":[]},{"ancestorTitles":["","NotesService","数据类型处理"],"fullName":" NotesService 数据类型处理 updateNote 应该处理各种数据类型","status":"passed","title":"updateNote 应该处理各种数据类型","duration":0,"failureMessages":[]}],"startTime":1752159268611,"endTime":1752159268620,"status":"passed","message":"","name":"D:/Git/MingLog/packages/modules/notes/src/__tests__/NotesService.test.ts"}]}